<?xml version="1.0" encoding="UTF-8"?>
<!-- Generated by org.testng.reporters.JUnitXMLReporter -->
<testsuite ignored="0" hostname="Janmejay" failures="1" tests="4" name="Edge Tests" time="92.291" errors="0" timestamp="2025-08-26T15:40:14 IST">
  <testcase classname="com.automationpractice.tests.HomepageTest" name="testHomePageTitle" time="0.047"/>
  <testcase classname="com.automationpractice.tests.SearchTest" name="searchBarTest" time="3.236"/>
  <testcase classname="com.automationpractice.tests.SwitchTabTest" name="switchTabsTest" time="20.191">
    <failure type="org.openqa.selenium.TimeoutException" message="Expected condition failed: waiting for element to be clickable: By.xpath: //ul[@class=&amp;apos;sf-menu&amp;apos;]//a[@title=&amp;apos;Dresses&amp;apos;] (tried for 20 second(s) with 500 milliseconds interval)
Build info: version: &amp;apos;4.35.0&amp;apos;, revision: &amp;apos;1c58e5028b&amp;apos;
System info: os.name: &amp;apos;Windows 11&amp;apos;, os.arch: &amp;apos;amd64&amp;apos;, os.version: &amp;apos;10.0&amp;apos;, java.version: &amp;apos;21.0.7&amp;apos;
Driver info: org.openqa.selenium.edge.EdgeDriver
Capabilities {acceptInsecureCerts: false, browserName: MicrosoftEdge, browserVersion: 139.0.3405.119, fedcm:accounts: true, ms:edgeOptions: {debuggerAddress: localhost:63526}, msedge: {msedgedriverVersion: 139.0.3405.111 (b50ccf47c3f..., userDataDir: C:\Users\JANMEJ~1\AppData\L...}, networkConnectionEnabled: false, pageLoadStrategy: normal, platformName: windows, proxy: Proxy(), se:cdp: ws://localhost:63526/devtoo..., se:cdpVersion: 139.0.3405.119, setWindowRect: true, strictFileInteractability: false, timeouts: {implicit: 0, pageLoad: 300000, script: 30000}, unhandledPromptBehavior: dismiss and notify, webauthn:extension:credBlob: true, webauthn:extension:largeBlob: true, webauthn:extension:minPinLength: true, webauthn:extension:prf: true, webauthn:virtualAuthenticators: true}
Session ID: 69d0a9cd178089a2bcbd2fe09a7056c0">
      <![CDATA[org.openqa.selenium.TimeoutException: Expected condition failed: waiting for element to be clickable: By.xpath: //ul[@class='sf-menu']//a[@title='Dresses'] (tried for 20 second(s) with 500 milliseconds interval)
Build info: version: '4.35.0', revision: '1c58e5028b'
System info: os.name: 'Windows 11', os.arch: 'amd64', os.version: '10.0', java.version: '21.0.7'
Driver info: org.openqa.selenium.edge.EdgeDriver
Capabilities {acceptInsecureCerts: false, browserName: MicrosoftEdge, browserVersion: 139.0.3405.119, fedcm:accounts: true, ms:edgeOptions: {debuggerAddress: localhost:63526}, msedge: {msedgedriverVersion: 139.0.3405.111 (b50ccf47c3f..., userDataDir: C:\Users\JANMEJ~1\AppData\L...}, networkConnectionEnabled: false, pageLoadStrategy: normal, platformName: windows, proxy: Proxy(), se:cdp: ws://localhost:63526/devtoo..., se:cdpVersion: 139.0.3405.119, setWindowRect: true, strictFileInteractability: false, timeouts: {implicit: 0, pageLoad: 300000, script: 30000}, unhandledPromptBehavior: dismiss and notify, webauthn:extension:credBlob: true, webauthn:extension:largeBlob: true, webauthn:extension:minPinLength: true, webauthn:extension:prf: true, webauthn:virtualAuthenticators: true}
Session ID: 69d0a9cd178089a2bcbd2fe09a7056c0
at org.openqa.selenium.support.ui.WebDriverWait.timeoutException(WebDriverWait.java:84)
at org.openqa.selenium.support.ui.FluentWait.until(FluentWait.java:228)
at com.automationpractice.pages.TabSwitch.switchToTab1(TabSwitch.java:27)
at com.automationpractice.pages.TabSwitch.switchToTab(TabSwitch.java:48)
at com.automationpractice.tests.SwitchTabTest.switchTabsTest(SwitchTabTest.java:12)
at java.base/java.util.ArrayList.forEach(ArrayList.java:1596)
at java.base/java.util.concurrent.FutureTask.run(FutureTask.java:317)
at java.base/java.util.concurrent.ThreadPoolExecutor.runWorker(ThreadPoolExecutor.java:1144)
at java.base/java.util.concurrent.ThreadPoolExecutor$Worker.run(ThreadPoolExecutor.java:642)
at java.base/java.lang.Thread.run(Thread.java:1583)
... Removed 15 stack frames]]>
    </failure>
  </testcase> <!-- switchTabsTest -->
  <testcase classname="com.automationpractice.tests.LoginTest" name="createAccountTest" time="1.899"/>
</testsuite> <!-- Edge Tests -->
