<?xml version="1.0" encoding="UTF-8"?>
<!-- Generated by org.testng.reporters.JUnitXMLReporter -->
<testsuite ignored="0" hostname="Janmejay" failures="1" tests="5" name="Firefox Tests" time="79.62" errors="0" timestamp="2025-08-26T17:38:01 IST">
  <testcase classname="com.automationpractice.tests.HomepageTest" name="testHomePageTitle" time="0.022"/>
  <testcase classname="com.automationpractice.tests.SearchTest" name="searchBarTest" time="0.367"/>
  <testcase classname="com.automationpractice.tests.SwitchTabTest" name="switchTabsTest" time="0.068">
    <failure type="org.openqa.selenium.NoSuchElementException" message="Unable to locate element: //ul[@class=&amp;apos;sf-menu&amp;apos;]//a[@title=&amp;apos;Women&amp;apos;]
For documentation on this error, please visit: https://www.selenium.dev/documentation/webdriver/troubleshooting/errors#no-such-element-exception
Build info: version: &amp;apos;4.35.0&amp;apos;, revision: &amp;apos;1c58e5028b&amp;apos;
System info: os.name: &amp;apos;Windows 11&amp;apos;, os.arch: &amp;apos;amd64&amp;apos;, os.version: &amp;apos;10.0&amp;apos;, java.version: &amp;apos;21.0.7&amp;apos;
Driver info: org.openqa.selenium.firefox.FirefoxDriver
Command: [91cee54f-ee0a-4a1b-b92f-aac10dfff095, findElement {using=xpath, value=//ul[@class=&amp;apos;sf-menu&amp;apos;]//a[@title=&amp;apos;Women&amp;apos;]}]
Capabilities {acceptInsecureCerts: true, browserName: firefox, browserVersion: 141.0.2, moz:accessibilityChecks: false, moz:buildID: 20250804082849, moz:geckodriverVersion: 0.36.0, moz:headless: false, moz:platformVersion: 10.0, moz:processID: 1368, moz:profile: C:\Users\JANMEJ~1\AppData\L..., moz:shutdownTimeout: 60000, moz:webdriverClick: true, moz:windowless: false, pageLoadStrategy: normal, platformName: windows, proxy: Proxy(), setWindowRect: true, strictFileInteractability: false, timeouts: {implicit: 0, pageLoad: 300000, script: 30000}, unhandledPromptBehavior: dismiss and notify, userAgent: Mozilla/5.0 (Windows NT 10....}
Session ID: 91cee54f-ee0a-4a1b-b92f-aac10dfff095">
      <![CDATA[org.openqa.selenium.NoSuchElementException: Unable to locate element: //ul[@class='sf-menu']//a[@title='Women']
For documentation on this error, please visit: https://www.selenium.dev/documentation/webdriver/troubleshooting/errors#no-such-element-exception
Build info: version: '4.35.0', revision: '1c58e5028b'
System info: os.name: 'Windows 11', os.arch: 'amd64', os.version: '10.0', java.version: '21.0.7'
Driver info: org.openqa.selenium.firefox.FirefoxDriver
Command: [91cee54f-ee0a-4a1b-b92f-aac10dfff095, findElement {using=xpath, value=//ul[@class='sf-menu']//a[@title='Women']}]
Capabilities {acceptInsecureCerts: true, browserName: firefox, browserVersion: 141.0.2, moz:accessibilityChecks: false, moz:buildID: 20250804082849, moz:geckodriverVersion: 0.36.0, moz:headless: false, moz:platformVersion: 10.0, moz:processID: 1368, moz:profile: C:\Users\JANMEJ~1\AppData\L..., moz:shutdownTimeout: 60000, moz:webdriverClick: true, moz:windowless: false, pageLoadStrategy: normal, platformName: windows, proxy: Proxy(), setWindowRect: true, strictFileInteractability: false, timeouts: {implicit: 0, pageLoad: 300000, script: 30000}, unhandledPromptBehavior: dismiss and notify, userAgent: Mozilla/5.0 (Windows NT 10....}
Session ID: 91cee54f-ee0a-4a1b-b92f-aac10dfff095
at org.openqa.selenium.remote.ErrorCodec.decode(ErrorCodec.java:167)
at org.openqa.selenium.remote.codec.w3c.W3CHttpResponseCodec.decode(W3CHttpResponseCodec.java:138)
at org.openqa.selenium.remote.codec.w3c.W3CHttpResponseCodec.decode(W3CHttpResponseCodec.java:50)
at org.openqa.selenium.remote.HttpCommandExecutor.execute(HttpCommandExecutor.java:215)
at org.openqa.selenium.remote.service.DriverCommandExecutor.invokeExecute(DriverCommandExecutor.java:216)
at org.openqa.selenium.remote.service.DriverCommandExecutor.execute(DriverCommandExecutor.java:174)
at org.openqa.selenium.remote.RemoteWebDriver.execute(RemoteWebDriver.java:557)
at org.openqa.selenium.remote.ElementLocation$ElementFinder$2.findElement(ElementLocation.java:165)
at org.openqa.selenium.remote.ElementLocation.findElement(ElementLocation.java:59)
at org.openqa.selenium.remote.RemoteWebDriver.findElement(RemoteWebDriver.java:380)
at org.openqa.selenium.remote.RemoteWebDriver.findElement(RemoteWebDriver.java:374)
at com.automationpractice.pages.TabSwitch.switchToTab1(TabSwitch.java:29)
at com.automationpractice.pages.TabSwitch.switchToTab(TabSwitch.java:53)
at com.automationpractice.tests.SwitchTabTest.switchTabsTest(SwitchTabTest.java:12)
at java.base/java.util.ArrayList.forEach(ArrayList.java:1596)
at java.base/java.util.concurrent.FutureTask.run(FutureTask.java:317)
at java.base/java.util.concurrent.ThreadPoolExecutor.runWorker(ThreadPoolExecutor.java:1144)
at java.base/java.util.concurrent.ThreadPoolExecutor$Worker.run(ThreadPoolExecutor.java:642)
at java.base/java.lang.Thread.run(Thread.java:1583)
... Removed 18 stack frames]]>
    </failure>
  </testcase> <!-- switchTabsTest -->
  <testcase classname="com.automationpractice.tests.LoginTest" name="loginTest" time="2.185"/>
  <testcase classname="com.automationpractice.tests.CreateAccountTest" name="createAccountTest" time="1.721"/>
</testsuite> <!-- Firefox Tests -->
