<?xml version="1.0" encoding="UTF-8"?>
<testng-results ignored="0" total="9" passed="8" failed="1" skipped="0">
  <reporter-output>
  </reporter-output>
  <suite started-at="2025-09-13T15:03:19 IST" name="Surefire suite" finished-at="2025-09-13T15:05:26 IST" duration-ms="126997">
    <groups>
      <group name="TabSwitch">
        <method signature="SwitchTabTest.switchTabsTest()[pri:0, instance:com.automationpractice.tests.SwitchTabTest@38089a5a]" name="switchTabsTest" class="com.automationpractice.tests.SwitchTabTest"/>
      </group> <!-- TabSwitch -->
      <group name="HomePage">
        <method signature="HomepageTest.testHomePageTitle()[pri:0, instance:com.automationpractice.tests.HomepageTest@1603cd68]" name="testHomePageTitle" class="com.automationpractice.tests.HomepageTest"/>
        <method signature="SearchTest.searchBarTest()[pri:0, instance:com.automationpractice.tests.SearchTest@4b23c30a]" name="searchBarTest" class="com.automationpractice.tests.SearchTest"/>
      </group> <!-- HomePage -->
      <group name="AccoutActions">
        <method signature="CreateAccountTest.createAccountTest()[pri:0, instance:com.automationpractice.tests.CreateAccountTest@56928307]" name="createAccountTest" class="com.automationpractice.tests.CreateAccountTest"/>
        <method signature="LoginTest.loginTest()[pri:0, instance:com.automationpractice.tests.LoginTest@9ebe38b]" name="loginTest" class="com.automationpractice.tests.LoginTest"/>
      </group> <!-- AccoutActions -->
    </groups>
    <test started-at="2025-09-13T15:03:19 IST" name="Surefire test" finished-at="2025-09-13T15:05:26 IST" duration-ms="126997">
      <class name="com.automationpractice.tests.HomeBannersTest">
        <test-method is-config="true" signature="setUp(java.lang.String)[pri:0, instance:com.automationpractice.tests.HomeBannersTest@3899782c]" started-at="2025-09-13T15:03:48 IST" name="setUp" finished-at="2025-09-13T15:04:01 IST" duration-ms="13321" status="PASS">
          <params>
            <param index="0">
              <value>
                <![CDATA[chrome]]>
              </value>
            </param>
          </params>
          <reporter-output>
          </reporter-output>
        </test-method> <!-- setUp -->
        <test-method signature="testBannerCount()[pri:0, instance:com.automationpractice.tests.HomeBannersTest@3899782c]" started-at="2025-09-13T15:04:01 IST" name="testBannerCount" finished-at="2025-09-13T15:04:01 IST" duration-ms="70" status="PASS">
          <reporter-output>
          </reporter-output>
        </test-method> <!-- testBannerCount -->
        <test-method is-config="true" signature="tearDown()[pri:0, instance:com.automationpractice.tests.HomeBannersTest@3899782c]" started-at="2025-09-13T15:04:01 IST" name="tearDown" finished-at="2025-09-13T15:04:03 IST" duration-ms="2103" status="PASS">
          <reporter-output>
          </reporter-output>
        </test-method> <!-- tearDown -->
        <test-method is-config="true" signature="setUp(java.lang.String)[pri:0, instance:com.automationpractice.tests.HomeBannersTest@3899782c]" started-at="2025-09-13T15:04:03 IST" name="setUp" finished-at="2025-09-13T15:04:12 IST" duration-ms="9297" status="PASS">
          <params>
            <param index="0">
              <value>
                <![CDATA[chrome]]>
              </value>
            </param>
          </params>
          <reporter-output>
          </reporter-output>
        </test-method> <!-- setUp -->
        <test-method signature="testBannerDetails()[pri:0, instance:com.automationpractice.tests.HomeBannersTest@3899782c]" started-at="2025-09-13T15:04:12 IST" name="testBannerDetails" finished-at="2025-09-13T15:04:17 IST" duration-ms="4386" status="PASS">
          <reporter-output>
          </reporter-output>
        </test-method> <!-- testBannerDetails -->
        <test-method is-config="true" signature="tearDown()[pri:0, instance:com.automationpractice.tests.HomeBannersTest@3899782c]" started-at="2025-09-13T15:04:17 IST" name="tearDown" finished-at="2025-09-13T15:04:17 IST" duration-ms="436" status="PASS">
          <reporter-output>
          </reporter-output>
        </test-method> <!-- tearDown -->
        <test-method is-config="true" signature="setUp(java.lang.String)[pri:0, instance:com.automationpractice.tests.HomeBannersTest@3899782c]" started-at="2025-09-13T15:04:17 IST" name="setUp" finished-at="2025-09-13T15:04:26 IST" duration-ms="8810" status="PASS">
          <params>
            <param index="0">
              <value>
                <![CDATA[chrome]]>
              </value>
            </param>
          </params>
          <reporter-output>
          </reporter-output>
        </test-method> <!-- setUp -->
        <test-method signature="testBannersDisplayed()[pri:0, instance:com.automationpractice.tests.HomeBannersTest@3899782c]" started-at="2025-09-13T15:04:26 IST" name="testBannersDisplayed" finished-at="2025-09-13T15:04:26 IST" duration-ms="104" status="PASS">
          <reporter-output>
          </reporter-output>
        </test-method> <!-- testBannersDisplayed -->
        <test-method is-config="true" signature="tearDown()[pri:0, instance:com.automationpractice.tests.HomeBannersTest@3899782c]" started-at="2025-09-13T15:04:26 IST" name="tearDown" finished-at="2025-09-13T15:04:26 IST" duration-ms="314" status="PASS">
          <reporter-output>
          </reporter-output>
        </test-method> <!-- tearDown -->
        <test-method is-config="true" signature="setUp(java.lang.String)[pri:0, instance:com.automationpractice.tests.HomeBannersTest@3899782c]" started-at="2025-09-13T15:04:26 IST" name="setUp" finished-at="2025-09-13T15:04:35 IST" duration-ms="8551" status="PASS">
          <params>
            <param index="0">
              <value>
                <![CDATA[chrome]]>
              </value>
            </param>
          </params>
          <reporter-output>
          </reporter-output>
        </test-method> <!-- setUp -->
        <test-method signature="testClickBanner()[pri:0, instance:com.automationpractice.tests.HomeBannersTest@3899782c]" started-at="2025-09-13T15:04:35 IST" name="testClickBanner" finished-at="2025-09-13T15:04:38 IST" duration-ms="2967" status="PASS">
          <reporter-output>
          </reporter-output>
        </test-method> <!-- testClickBanner -->
        <test-method is-config="true" signature="tearDown()[pri:0, instance:com.automationpractice.tests.HomeBannersTest@3899782c]" started-at="2025-09-13T15:04:38 IST" name="tearDown" finished-at="2025-09-13T15:04:38 IST" duration-ms="532" status="PASS">
          <reporter-output>
          </reporter-output>
        </test-method> <!-- tearDown -->
      </class> <!-- com.automationpractice.tests.HomeBannersTest -->
      <class name="com.automationpractice.tests.SwitchTabTest">
        <test-method is-config="true" signature="setUp(java.lang.String)[pri:0, instance:com.automationpractice.tests.SwitchTabTest@38089a5a]" started-at="2025-09-13T15:05:16 IST" name="setUp" finished-at="2025-09-13T15:05:21 IST" duration-ms="5431" status="PASS">
          <params>
            <param index="0">
              <value>
                <![CDATA[chrome]]>
              </value>
            </param>
          </params>
          <reporter-output>
          </reporter-output>
        </test-method> <!-- setUp -->
        <test-method signature="switchTabsTest()[pri:0, instance:com.automationpractice.tests.SwitchTabTest@38089a5a]" started-at="2025-09-13T15:05:21 IST" name="switchTabsTest" finished-at="2025-09-13T15:05:26 IST" duration-ms="4255" status="FAIL">
          <exception class="org.openqa.selenium.NoSuchElementException">
            <message>
              <![CDATA[no such element: Unable to locate element: {"method":"xpath","selector":"//ul[@class='sf-menu']//a[@title='Dresses'][not(ancestor::ul[contains(@style,'display: none')])]"}
  (Session info: chrome=140.0.7339.81)
For documentation on this error, please visit: https://www.selenium.dev/documentation/webdriver/troubleshooting/errors#no-such-element-exception
Build info: version: '4.35.0', revision: '1c58e5028b'
System info: os.name: 'Windows 11', os.arch: 'amd64', os.version: '10.0', java.version: '21.0.8'
Driver info: org.openqa.selenium.chrome.ChromeDriver
Command: [7081ce82f01fcdf4ced2337ba9699b47, findElement {using=xpath, value=//ul[@class='sf-menu']//a[@title='Dresses'][not(ancestor::ul[contains(@style,'display: none')])]}]
Capabilities {acceptInsecureCerts: false, browserName: chrome, browserVersion: 140.0.7339.81, chrome: {chromedriverVersion: 140.0.7339.82 (bc93617e21c3..., userDataDir: C:\Users\pc\AppData\Local\T...}, fedcm:accounts: true, goog:chromeOptions: {debuggerAddress: localhost:49552}, networkConnectionEnabled: false, pageLoadStrategy: normal, platformName: windows, proxy: Proxy(), se:cdp: ws://localhost:49552/devtoo..., se:cdpVersion: 140.0.7339.81, setWindowRect: true, strictFileInteractability: false, timeouts: {implicit: 0, pageLoad: 300000, script: 30000}, unhandledPromptBehavior: dismiss and notify, webauthn:extension:credBlob: true, webauthn:extension:largeBlob: true, webauthn:extension:minPinLength: true, webauthn:extension:prf: true, webauthn:virtualAuthenticators: true}
Session ID: 7081ce82f01fcdf4ced2337ba9699b47]]>
            </message>
            <full-stacktrace>
              <![CDATA[org.openqa.selenium.NoSuchElementException: no such element: Unable to locate element: {"method":"xpath","selector":"//ul[@class='sf-menu']//a[@title='Dresses'][not(ancestor::ul[contains(@style,'display: none')])]"}
  (Session info: chrome=140.0.7339.81)
For documentation on this error, please visit: https://www.selenium.dev/documentation/webdriver/troubleshooting/errors#no-such-element-exception
Build info: version: '4.35.0', revision: '1c58e5028b'
System info: os.name: 'Windows 11', os.arch: 'amd64', os.version: '10.0', java.version: '21.0.8'
Driver info: org.openqa.selenium.chrome.ChromeDriver
Command: [7081ce82f01fcdf4ced2337ba9699b47, findElement {using=xpath, value=//ul[@class='sf-menu']//a[@title='Dresses'][not(ancestor::ul[contains(@style,'display: none')])]}]
Capabilities {acceptInsecureCerts: false, browserName: chrome, browserVersion: 140.0.7339.81, chrome: {chromedriverVersion: 140.0.7339.82 (bc93617e21c3..., userDataDir: C:\Users\pc\AppData\Local\T...}, fedcm:accounts: true, goog:chromeOptions: {debuggerAddress: localhost:49552}, networkConnectionEnabled: false, pageLoadStrategy: normal, platformName: windows, proxy: Proxy(), se:cdp: ws://localhost:49552/devtoo..., se:cdpVersion: 140.0.7339.81, setWindowRect: true, strictFileInteractability: false, timeouts: {implicit: 0, pageLoad: 300000, script: 30000}, unhandledPromptBehavior: dismiss and notify, webauthn:extension:credBlob: true, webauthn:extension:largeBlob: true, webauthn:extension:minPinLength: true, webauthn:extension:prf: true, webauthn:virtualAuthenticators: true}
Session ID: 7081ce82f01fcdf4ced2337ba9699b47
at java.base/jdk.internal.reflect.DirectConstructorHandleAccessor.newInstance(DirectConstructorHandleAccessor.java:62)
at java.base/java.lang.reflect.Constructor.newInstanceWithCaller(Constructor.java:502)
at java.base/java.lang.reflect.Constructor.newInstance(Constructor.java:486)
at org.openqa.selenium.remote.ErrorCodec.decode(ErrorCodec.java:167)
at org.openqa.selenium.remote.codec.w3c.W3CHttpResponseCodec.decode(W3CHttpResponseCodec.java:138)
at org.openqa.selenium.remote.codec.w3c.W3CHttpResponseCodec.decode(W3CHttpResponseCodec.java:50)
at org.openqa.selenium.remote.HttpCommandExecutor.execute(HttpCommandExecutor.java:215)
at org.openqa.selenium.remote.service.DriverCommandExecutor.invokeExecute(DriverCommandExecutor.java:216)
at org.openqa.selenium.remote.service.DriverCommandExecutor.execute(DriverCommandExecutor.java:174)
at org.openqa.selenium.remote.RemoteWebDriver.execute(RemoteWebDriver.java:557)
at org.openqa.selenium.remote.ElementLocation$ElementFinder$2.findElement(ElementLocation.java:165)
at org.openqa.selenium.remote.ElementLocation.findElement(ElementLocation.java:59)
at org.openqa.selenium.remote.RemoteWebDriver.findElement(RemoteWebDriver.java:380)
at org.openqa.selenium.remote.RemoteWebDriver.findElement(RemoteWebDriver.java:374)
at com.automationpractice.pages.TabSwitch.switchToTabByTitle(TabSwitch.java:29)
at com.automationpractice.pages.TabSwitch.switchToTab1(TabSwitch.java:50)
at com.automationpractice.tests.SwitchTabTest.switchTabsTest(SwitchTabTest.java:14)
at java.base/jdk.internal.reflect.DirectMethodHandleAccessor.invoke(DirectMethodHandleAccessor.java:103)
at java.base/java.lang.reflect.Method.invoke(Method.java:580)
at org.testng.internal.invokers.MethodInvocationHelper.invokeMethod(MethodInvocationHelper.java:141)
at org.testng.internal.invokers.TestInvoker.invokeMethod(TestInvoker.java:687)
at org.testng.internal.invokers.TestInvoker.invokeTestMethod(TestInvoker.java:230)
at org.testng.internal.invokers.MethodRunner.runInSequence(MethodRunner.java:63)
at org.testng.internal.invokers.TestInvoker$MethodInvocationAgent.invoke(TestInvoker.java:995)
at org.testng.internal.invokers.TestInvoker.invokeTestMethods(TestInvoker.java:203)
at org.testng.internal.invokers.TestMethodWorker.invokeTestMethods(TestMethodWorker.java:154)
at org.testng.internal.invokers.TestMethodWorker.run(TestMethodWorker.java:134)
at java.base/java.util.ArrayList.forEach(ArrayList.java:1596)
at org.testng.TestRunner.privateRun(TestRunner.java:741)
at org.testng.TestRunner.run(TestRunner.java:616)
at org.testng.SuiteRunner.runTest(SuiteRunner.java:421)
at org.testng.SuiteRunner.runSequentially(SuiteRunner.java:413)
at org.testng.SuiteRunner.privateRun(SuiteRunner.java:373)
at org.testng.SuiteRunner.run(SuiteRunner.java:312)
at org.testng.SuiteRunnerWorker.runSuite(SuiteRunnerWorker.java:52)
at org.testng.SuiteRunnerWorker.run(SuiteRunnerWorker.java:95)
at org.testng.TestNG.runSuitesSequentially(TestNG.java:1274)
at org.testng.TestNG.runSuitesLocally(TestNG.java:1208)
at org.testng.TestNG.runSuites(TestNG.java:1112)
at org.testng.TestNG.run(TestNG.java:1079)
at org.apache.maven.surefire.testng.TestNGExecutor.run(TestNGExecutor.java:155)
at org.apache.maven.surefire.testng.TestNGDirectoryTestSuite.executeMulti(TestNGDirectoryTestSuite.java:169)
at org.apache.maven.surefire.testng.TestNGDirectoryTestSuite.execute(TestNGDirectoryTestSuite.java:88)
at org.apache.maven.surefire.testng.TestNGProvider.invoke(TestNGProvider.java:137)
at org.apache.maven.surefire.booter.ForkedBooter.runSuitesInProcess(ForkedBooter.java:385)
at org.apache.maven.surefire.booter.ForkedBooter.execute(ForkedBooter.java:162)
at org.apache.maven.surefire.booter.ForkedBooter.run(ForkedBooter.java:507)
at org.apache.maven.surefire.booter.ForkedBooter.main(ForkedBooter.java:495)
]]>
            </full-stacktrace>
          </exception> <!-- org.openqa.selenium.NoSuchElementException -->
          <reporter-output>
          </reporter-output>
        </test-method> <!-- switchTabsTest -->
        <test-method is-config="true" signature="tearDown()[pri:0, instance:com.automationpractice.tests.SwitchTabTest@38089a5a]" started-at="2025-09-13T15:05:26 IST" name="tearDown" finished-at="2025-09-13T15:05:26 IST" duration-ms="307" status="PASS">
          <reporter-output>
          </reporter-output>
        </test-method> <!-- tearDown -->
      </class> <!-- com.automationpractice.tests.SwitchTabTest -->
      <class name="com.automationpractice.tests.SearchTest">
        <test-method is-config="true" signature="setUp(java.lang.String)[pri:0, instance:com.automationpractice.tests.SearchTest@4b23c30a]" started-at="2025-09-13T15:05:05 IST" name="setUp" finished-at="2025-09-13T15:05:15 IST" duration-ms="10346" status="PASS">
          <params>
            <param index="0">
              <value>
                <![CDATA[chrome]]>
              </value>
            </param>
          </params>
          <reporter-output>
          </reporter-output>
        </test-method> <!-- setUp -->
        <test-method signature="searchBarTest()[pri:0, instance:com.automationpractice.tests.SearchTest@4b23c30a]" started-at="2025-09-13T15:05:15 IST" name="searchBarTest" finished-at="2025-09-13T15:05:16 IST" duration-ms="367" status="PASS">
          <reporter-output>
          </reporter-output>
        </test-method> <!-- searchBarTest -->
        <test-method is-config="true" signature="tearDown()[pri:0, instance:com.automationpractice.tests.SearchTest@4b23c30a]" started-at="2025-09-13T15:05:16 IST" name="tearDown" finished-at="2025-09-13T15:05:16 IST" duration-ms="442" status="PASS">
          <reporter-output>
          </reporter-output>
        </test-method> <!-- tearDown -->
      </class> <!-- com.automationpractice.tests.SearchTest -->
      <class name="com.automationpractice.tests.HomepageTest">
        <test-method is-config="true" signature="setUp(java.lang.String)[pri:0, instance:com.automationpractice.tests.HomepageTest@1603cd68]" started-at="2025-09-13T15:04:38 IST" name="setUp" finished-at="2025-09-13T15:04:51 IST" duration-ms="12863" status="PASS">
          <params>
            <param index="0">
              <value>
                <![CDATA[chrome]]>
              </value>
            </param>
          </params>
          <reporter-output>
          </reporter-output>
        </test-method> <!-- setUp -->
        <test-method signature="testHomePageTitle()[pri:0, instance:com.automationpractice.tests.HomepageTest@1603cd68]" started-at="2025-09-13T15:04:51 IST" name="testHomePageTitle" finished-at="2025-09-13T15:04:51 IST" duration-ms="42" status="PASS">
          <reporter-output>
          </reporter-output>
        </test-method> <!-- testHomePageTitle -->
        <test-method is-config="true" signature="tearDown()[pri:0, instance:com.automationpractice.tests.HomepageTest@1603cd68]" started-at="2025-09-13T15:04:51 IST" name="tearDown" finished-at="2025-09-13T15:04:52 IST" duration-ms="363" status="PASS">
          <reporter-output>
          </reporter-output>
        </test-method> <!-- tearDown -->
      </class> <!-- com.automationpractice.tests.HomepageTest -->
      <class name="com.automationpractice.tests.LoginTest">
        <test-method is-config="true" signature="setUp(java.lang.String)[pri:0, instance:com.automationpractice.tests.LoginTest@9ebe38b]" started-at="2025-09-13T15:04:52 IST" name="setUp" finished-at="2025-09-13T15:05:01 IST" duration-ms="9527" status="PASS">
          <params>
            <param index="0">
              <value>
                <![CDATA[chrome]]>
              </value>
            </param>
          </params>
          <reporter-output>
          </reporter-output>
        </test-method> <!-- setUp -->
        <test-method signature="loginTest()[pri:0, instance:com.automationpractice.tests.LoginTest@9ebe38b]" started-at="2025-09-13T15:05:01 IST" name="loginTest" finished-at="2025-09-13T15:05:04 IST" duration-ms="3120" status="PASS">
          <reporter-output>
          </reporter-output>
        </test-method> <!-- loginTest -->
        <test-method is-config="true" signature="tearDown()[pri:0, instance:com.automationpractice.tests.LoginTest@9ebe38b]" started-at="2025-09-13T15:05:04 IST" name="tearDown" finished-at="2025-09-13T15:05:05 IST" duration-ms="466" status="PASS">
          <reporter-output>
          </reporter-output>
        </test-method> <!-- tearDown -->
      </class> <!-- com.automationpractice.tests.LoginTest -->
      <class name="com.automationpractice.tests.CreateAccountTest">
        <test-method is-config="true" signature="setUp(java.lang.String)[pri:0, instance:com.automationpractice.tests.CreateAccountTest@56928307]" started-at="2025-09-13T15:03:19 IST" name="setUp" finished-at="2025-09-13T15:03:45 IST" duration-ms="25666" status="PASS">
          <params>
            <param index="0">
              <value>
                <![CDATA[chrome]]>
              </value>
            </param>
          </params>
          <reporter-output>
          </reporter-output>
        </test-method> <!-- setUp -->
        <test-method signature="createAccountTest()[pri:0, instance:com.automationpractice.tests.CreateAccountTest@56928307]" started-at="2025-09-13T15:03:45 IST" name="createAccountTest" finished-at="2025-09-13T15:03:47 IST" duration-ms="2317" status="PASS">
          <reporter-output>
          </reporter-output>
        </test-method> <!-- createAccountTest -->
        <test-method is-config="true" signature="tearDown()[pri:0, instance:com.automationpractice.tests.CreateAccountTest@56928307]" started-at="2025-09-13T15:03:47 IST" name="tearDown" finished-at="2025-09-13T15:03:48 IST" duration-ms="472" status="PASS">
          <reporter-output>
          </reporter-output>
        </test-method> <!-- tearDown -->
      </class> <!-- com.automationpractice.tests.CreateAccountTest -->
    </test> <!-- Surefire test -->
  </suite> <!-- Surefire suite -->
</testng-results>
