<?xml version="1.0" encoding="UTF-8"?>
<testng-results ignored="0" total="27" passed="24" failed="3" skipped="0">
  <reporter-output>
  </reporter-output>
  <suite started-at="2025-09-14T14:33:41 IST" name="CrossBrowserSuite" finished-at="2025-09-14T14:38:12 IST" duration-ms="271730">
    <groups>
      <group name="TabSwitch">
        <method signature="SwitchTabTest.switchTabsTest()[pri:0, instance:com.automationpractice.tests.SwitchTabTest@550a1967]" name="switchTabsTest" class="com.automationpractice.tests.SwitchTabTest"/>
        <method signature="SwitchTabTest.switchTabsTest()[pri:0, instance:com.automationpractice.tests.SwitchTabTest@542e560f]" name="switchTabsTest" class="com.automationpractice.tests.SwitchTabTest"/>
        <method signature="SwitchTabTest.switchTabsTest()[pri:0, instance:com.automationpractice.tests.SwitchTabTest@35d08e6c]" name="switchTabsTest" class="com.automationpractice.tests.SwitchTabTest"/>
      </group> <!-- TabSwitch -->
      <group name="HomePage">
        <method signature="HomepageTest.testHomePageTitle()[pri:0, instance:com.automationpractice.tests.HomepageTest@6bbe2511]" name="testHomePageTitle" class="com.automationpractice.tests.HomepageTest"/>
        <method signature="SearchTest.searchBarTest()[pri:0, instance:com.automationpractice.tests.SearchTest@57abad67]" name="searchBarTest" class="com.automationpractice.tests.SearchTest"/>
        <method signature="HomepageTest.testHomePageTitle()[pri:0, instance:com.automationpractice.tests.HomepageTest@31d0e481]" name="testHomePageTitle" class="com.automationpractice.tests.HomepageTest"/>
        <method signature="SearchTest.searchBarTest()[pri:0, instance:com.automationpractice.tests.SearchTest@241e8ea6]" name="searchBarTest" class="com.automationpractice.tests.SearchTest"/>
        <method signature="HomepageTest.testHomePageTitle()[pri:0, instance:com.automationpractice.tests.HomepageTest@3bcbb589]" name="testHomePageTitle" class="com.automationpractice.tests.HomepageTest"/>
        <method signature="SearchTest.searchBarTest()[pri:0, instance:com.automationpractice.tests.SearchTest@3016fd5e]" name="searchBarTest" class="com.automationpractice.tests.SearchTest"/>
      </group> <!-- HomePage -->
      <group name="AccoutActions">
        <method signature="CreateAccountTest.createAccountTest()[pri:0, instance:com.automationpractice.tests.CreateAccountTest@52851b44]" name="createAccountTest" class="com.automationpractice.tests.CreateAccountTest"/>
        <method signature="LoginTest.loginTest()[pri:0, instance:com.automationpractice.tests.LoginTest@66fdec9]" name="loginTest" class="com.automationpractice.tests.LoginTest"/>
        <method signature="CreateAccountTest.createAccountTest()[pri:0, instance:com.automationpractice.tests.CreateAccountTest@4dc8caa7]" name="createAccountTest" class="com.automationpractice.tests.CreateAccountTest"/>
        <method signature="LoginTest.loginTest()[pri:0, instance:com.automationpractice.tests.LoginTest@3243b914]" name="loginTest" class="com.automationpractice.tests.LoginTest"/>
        <method signature="CreateAccountTest.createAccountTest()[pri:0, instance:com.automationpractice.tests.CreateAccountTest@6c45ee6e]" name="createAccountTest" class="com.automationpractice.tests.CreateAccountTest"/>
        <method signature="LoginTest.loginTest()[pri:0, instance:com.automationpractice.tests.LoginTest@3b00856b]" name="loginTest" class="com.automationpractice.tests.LoginTest"/>
      </group> <!-- AccoutActions -->
    </groups>
    <test started-at="2025-09-14T14:33:41 IST" name="ChromeTests" finished-at="2025-09-14T14:37:30 IST" duration-ms="229024">
      <class name="com.automationpractice.tests.HomeBannersTest">
        <test-method is-config="true" signature="setUp(java.lang.String)[pri:0, instance:com.automationpractice.tests.HomeBannersTest@2a640157]" started-at="2025-09-14T14:35:46 IST" name="setUp" finished-at="2025-09-14T14:36:02 IST" duration-ms="15883" status="PASS">
          <params>
            <param index="0">
              <value>
                <![CDATA[chrome]]>
              </value>
            </param>
          </params>
          <reporter-output>
          </reporter-output>
        </test-method> <!-- setUp -->
        <test-method signature="testBannerCount()[pri:0, instance:com.automationpractice.tests.HomeBannersTest@2a640157]" started-at="2025-09-14T14:36:02 IST" name="testBannerCount" finished-at="2025-09-14T14:36:02 IST" duration-ms="165" status="PASS">
          <reporter-output>
          </reporter-output>
        </test-method> <!-- testBannerCount -->
        <test-method is-config="true" signature="tearDown()[pri:0, instance:com.automationpractice.tests.HomeBannersTest@2a640157]" started-at="2025-09-14T14:36:02 IST" name="tearDown" finished-at="2025-09-14T14:36:04 IST" duration-ms="1407" status="PASS">
          <reporter-output>
          </reporter-output>
        </test-method> <!-- tearDown -->
        <test-method is-config="true" signature="setUp(java.lang.String)[pri:0, instance:com.automationpractice.tests.HomeBannersTest@2a640157]" started-at="2025-09-14T14:36:04 IST" name="setUp" finished-at="2025-09-14T14:36:09 IST" duration-ms="4726" status="PASS">
          <params>
            <param index="0">
              <value>
                <![CDATA[chrome]]>
              </value>
            </param>
          </params>
          <reporter-output>
          </reporter-output>
        </test-method> <!-- setUp -->
        <test-method signature="testBannerDetails()[pri:0, instance:com.automationpractice.tests.HomeBannersTest@2a640157]" started-at="2025-09-14T14:36:09 IST" name="testBannerDetails" finished-at="2025-09-14T14:36:09 IST" duration-ms="549" status="PASS">
          <reporter-output>
          </reporter-output>
        </test-method> <!-- testBannerDetails -->
        <test-method is-config="true" signature="tearDown()[pri:0, instance:com.automationpractice.tests.HomeBannersTest@2a640157]" started-at="2025-09-14T14:36:09 IST" name="tearDown" finished-at="2025-09-14T14:36:09 IST" duration-ms="345" status="PASS">
          <reporter-output>
          </reporter-output>
        </test-method> <!-- tearDown -->
        <test-method is-config="true" signature="setUp(java.lang.String)[pri:0, instance:com.automationpractice.tests.HomeBannersTest@2a640157]" started-at="2025-09-14T14:36:09 IST" name="setUp" finished-at="2025-09-14T14:36:30 IST" duration-ms="20387" status="PASS">
          <params>
            <param index="0">
              <value>
                <![CDATA[chrome]]>
              </value>
            </param>
          </params>
          <reporter-output>
          </reporter-output>
        </test-method> <!-- setUp -->
        <test-method signature="testBannersDisplayed()[pri:0, instance:com.automationpractice.tests.HomeBannersTest@2a640157]" started-at="2025-09-14T14:36:30 IST" name="testBannersDisplayed" finished-at="2025-09-14T14:36:30 IST" duration-ms="44" status="PASS">
          <reporter-output>
          </reporter-output>
        </test-method> <!-- testBannersDisplayed -->
        <test-method is-config="true" signature="tearDown()[pri:0, instance:com.automationpractice.tests.HomeBannersTest@2a640157]" started-at="2025-09-14T14:36:30 IST" name="tearDown" finished-at="2025-09-14T14:36:30 IST" duration-ms="531" status="PASS">
          <reporter-output>
          </reporter-output>
        </test-method> <!-- tearDown -->
        <test-method is-config="true" signature="setUp(java.lang.String)[pri:0, instance:com.automationpractice.tests.HomeBannersTest@2a640157]" started-at="2025-09-14T14:36:30 IST" name="setUp" finished-at="2025-09-14T14:36:46 IST" duration-ms="15422" status="PASS">
          <params>
            <param index="0">
              <value>
                <![CDATA[chrome]]>
              </value>
            </param>
          </params>
          <reporter-output>
          </reporter-output>
        </test-method> <!-- setUp -->
        <test-method signature="testClickBanner()[pri:0, instance:com.automationpractice.tests.HomeBannersTest@2a640157]" started-at="2025-09-14T14:36:46 IST" name="testClickBanner" finished-at="2025-09-14T14:36:57 IST" duration-ms="10852" status="PASS">
          <reporter-output>
          </reporter-output>
        </test-method> <!-- testClickBanner -->
        <test-method is-config="true" signature="tearDown()[pri:0, instance:com.automationpractice.tests.HomeBannersTest@2a640157]" started-at="2025-09-14T14:36:57 IST" name="tearDown" finished-at="2025-09-14T14:36:57 IST" duration-ms="716" status="PASS">
          <reporter-output>
          </reporter-output>
        </test-method> <!-- tearDown -->
      </class> <!-- com.automationpractice.tests.HomeBannersTest -->
      <class name="com.automationpractice.tests.SwitchTabTest">
        <test-method is-config="true" signature="setUp(java.lang.String)[pri:0, instance:com.automationpractice.tests.SwitchTabTest@550a1967]" started-at="2025-09-14T14:35:25 IST" name="setUp" finished-at="2025-09-14T14:35:45 IST" duration-ms="20008" status="PASS">
          <params>
            <param index="0">
              <value>
                <![CDATA[chrome]]>
              </value>
            </param>
          </params>
          <reporter-output>
          </reporter-output>
        </test-method> <!-- setUp -->
        <test-method signature="switchTabsTest()[pri:0, instance:com.automationpractice.tests.SwitchTabTest@550a1967]" started-at="2025-09-14T14:35:45 IST" name="switchTabsTest" finished-at="2025-09-14T14:35:45 IST" duration-ms="180" status="FAIL">
          <exception class="org.openqa.selenium.NoSuchElementException">
            <message>
              <![CDATA[no such element: Unable to locate element: {"method":"xpath","selector":"//ul[@class='sf-menu']//a[@title='Dresses'][not(ancestor::ul[contains(@style,'display: none')])]"}
  (Session info: chrome=140.0.7339.81)
For documentation on this error, please visit: https://www.selenium.dev/documentation/webdriver/troubleshooting/errors#no-such-element-exception
Build info: version: '4.35.0', revision: '1c58e5028b'
System info: os.name: 'Windows 11', os.arch: 'amd64', os.version: '10.0', java.version: '21.0.8'
Driver info: org.openqa.selenium.chrome.ChromeDriver
Command: [7baa4a560474eb0f6242630b3b0c8c8a, findElement {using=xpath, value=//ul[@class='sf-menu']//a[@title='Dresses'][not(ancestor::ul[contains(@style,'display: none')])]}]
Capabilities {acceptInsecureCerts: false, browserName: chrome, browserVersion: 140.0.7339.81, chrome: {chromedriverVersion: 140.0.7339.82 (bc93617e21c3..., userDataDir: C:\Users\pc\AppData\Local\T...}, fedcm:accounts: true, goog:chromeOptions: {debuggerAddress: localhost:53298}, networkConnectionEnabled: false, pageLoadStrategy: normal, platformName: windows, proxy: Proxy(), se:cdp: ws://localhost:53298/devtoo..., se:cdpVersion: 140.0.7339.81, setWindowRect: true, strictFileInteractability: false, timeouts: {implicit: 0, pageLoad: 300000, script: 30000}, unhandledPromptBehavior: dismiss and notify, webauthn:extension:credBlob: true, webauthn:extension:largeBlob: true, webauthn:extension:minPinLength: true, webauthn:extension:prf: true, webauthn:virtualAuthenticators: true}
Session ID: 7baa4a560474eb0f6242630b3b0c8c8a]]>
            </message>
            <full-stacktrace>
              <![CDATA[org.openqa.selenium.NoSuchElementException: no such element: Unable to locate element: {"method":"xpath","selector":"//ul[@class='sf-menu']//a[@title='Dresses'][not(ancestor::ul[contains(@style,'display: none')])]"}
  (Session info: chrome=140.0.7339.81)
For documentation on this error, please visit: https://www.selenium.dev/documentation/webdriver/troubleshooting/errors#no-such-element-exception
Build info: version: '4.35.0', revision: '1c58e5028b'
System info: os.name: 'Windows 11', os.arch: 'amd64', os.version: '10.0', java.version: '21.0.8'
Driver info: org.openqa.selenium.chrome.ChromeDriver
Command: [7baa4a560474eb0f6242630b3b0c8c8a, findElement {using=xpath, value=//ul[@class='sf-menu']//a[@title='Dresses'][not(ancestor::ul[contains(@style,'display: none')])]}]
Capabilities {acceptInsecureCerts: false, browserName: chrome, browserVersion: 140.0.7339.81, chrome: {chromedriverVersion: 140.0.7339.82 (bc93617e21c3..., userDataDir: C:\Users\pc\AppData\Local\T...}, fedcm:accounts: true, goog:chromeOptions: {debuggerAddress: localhost:53298}, networkConnectionEnabled: false, pageLoadStrategy: normal, platformName: windows, proxy: Proxy(), se:cdp: ws://localhost:53298/devtoo..., se:cdpVersion: 140.0.7339.81, setWindowRect: true, strictFileInteractability: false, timeouts: {implicit: 0, pageLoad: 300000, script: 30000}, unhandledPromptBehavior: dismiss and notify, webauthn:extension:credBlob: true, webauthn:extension:largeBlob: true, webauthn:extension:minPinLength: true, webauthn:extension:prf: true, webauthn:virtualAuthenticators: true}
Session ID: 7baa4a560474eb0f6242630b3b0c8c8a
at java.base/jdk.internal.reflect.DirectConstructorHandleAccessor.newInstance(DirectConstructorHandleAccessor.java:62)
at java.base/java.lang.reflect.Constructor.newInstanceWithCaller(Constructor.java:502)
at java.base/java.lang.reflect.Constructor.newInstance(Constructor.java:486)
at org.openqa.selenium.remote.ErrorCodec.decode(ErrorCodec.java:167)
at org.openqa.selenium.remote.codec.w3c.W3CHttpResponseCodec.decode(W3CHttpResponseCodec.java:138)
at org.openqa.selenium.remote.codec.w3c.W3CHttpResponseCodec.decode(W3CHttpResponseCodec.java:50)
at org.openqa.selenium.remote.HttpCommandExecutor.execute(HttpCommandExecutor.java:215)
at org.openqa.selenium.remote.service.DriverCommandExecutor.invokeExecute(DriverCommandExecutor.java:216)
at org.openqa.selenium.remote.service.DriverCommandExecutor.execute(DriverCommandExecutor.java:174)
at org.openqa.selenium.remote.RemoteWebDriver.execute(RemoteWebDriver.java:557)
at org.openqa.selenium.remote.ElementLocation$ElementFinder$2.findElement(ElementLocation.java:165)
at org.openqa.selenium.remote.ElementLocation.findElement(ElementLocation.java:59)
at org.openqa.selenium.remote.RemoteWebDriver.findElement(RemoteWebDriver.java:380)
at org.openqa.selenium.remote.RemoteWebDriver.findElement(RemoteWebDriver.java:374)
at com.automationpractice.pages.TabSwitch.switchToTabByTitle(TabSwitch.java:29)
at com.automationpractice.pages.TabSwitch.switchToTab1(TabSwitch.java:50)
at com.automationpractice.tests.SwitchTabTest.switchTabsTest(SwitchTabTest.java:14)
at java.base/jdk.internal.reflect.DirectMethodHandleAccessor.invoke(DirectMethodHandleAccessor.java:103)
at java.base/java.lang.reflect.Method.invoke(Method.java:580)
at org.testng.internal.invokers.MethodInvocationHelper.invokeMethod(MethodInvocationHelper.java:141)
at org.testng.internal.invokers.TestInvoker.invokeMethod(TestInvoker.java:687)
at org.testng.internal.invokers.TestInvoker.invokeTestMethod(TestInvoker.java:230)
at org.testng.internal.invokers.MethodRunner.runInSequence(MethodRunner.java:63)
at org.testng.internal.invokers.TestInvoker$MethodInvocationAgent.invoke(TestInvoker.java:995)
at org.testng.internal.invokers.TestInvoker.invokeTestMethods(TestInvoker.java:203)
at org.testng.internal.invokers.TestMethodWorker.invokeTestMethods(TestMethodWorker.java:154)
at org.testng.internal.invokers.TestMethodWorker.run(TestMethodWorker.java:134)
at java.base/java.util.ArrayList.forEach(ArrayList.java:1596)
at org.testng.TestRunner.privateRun(TestRunner.java:741)
at org.testng.TestRunner.run(TestRunner.java:616)
at org.testng.SuiteRunner.runTest(SuiteRunner.java:421)
at org.testng.SuiteRunner$SuiteWorker.run(SuiteRunner.java:463)
at org.testng.internal.thread.ThreadUtil.lambda$execute$0(ThreadUtil.java:64)
at java.base/java.util.concurrent.FutureTask.run(FutureTask.java:317)
at java.base/java.util.concurrent.ThreadPoolExecutor.runWorker(ThreadPoolExecutor.java:1144)
at java.base/java.util.concurrent.ThreadPoolExecutor$Worker.run(ThreadPoolExecutor.java:642)
at java.base/java.lang.Thread.run(Thread.java:1583)
]]>
            </full-stacktrace>
          </exception> <!-- org.openqa.selenium.NoSuchElementException -->
          <reporter-output>
          </reporter-output>
        </test-method> <!-- switchTabsTest -->
        <test-method is-config="true" signature="tearDown()[pri:0, instance:com.automationpractice.tests.SwitchTabTest@550a1967]" started-at="2025-09-14T14:35:45 IST" name="tearDown" finished-at="2025-09-14T14:35:46 IST" duration-ms="999" status="PASS">
          <reporter-output>
          </reporter-output>
        </test-method> <!-- tearDown -->
      </class> <!-- com.automationpractice.tests.SwitchTabTest -->
      <class name="com.automationpractice.tests.SearchTest">
        <test-method is-config="true" signature="setUp(java.lang.String)[pri:0, instance:com.automationpractice.tests.SearchTest@57abad67]" started-at="2025-09-14T14:35:02 IST" name="setUp" finished-at="2025-09-14T14:35:24 IST" duration-ms="21991" status="PASS">
          <params>
            <param index="0">
              <value>
                <![CDATA[chrome]]>
              </value>
            </param>
          </params>
          <reporter-output>
          </reporter-output>
        </test-method> <!-- setUp -->
        <test-method signature="searchBarTest()[pri:0, instance:com.automationpractice.tests.SearchTest@57abad67]" started-at="2025-09-14T14:35:24 IST" name="searchBarTest" finished-at="2025-09-14T14:35:24 IST" duration-ms="527" status="PASS">
          <reporter-output>
          </reporter-output>
        </test-method> <!-- searchBarTest -->
        <test-method is-config="true" signature="tearDown()[pri:0, instance:com.automationpractice.tests.SearchTest@57abad67]" started-at="2025-09-14T14:35:24 IST" name="tearDown" finished-at="2025-09-14T14:35:25 IST" duration-ms="827" status="PASS">
          <reporter-output>
          </reporter-output>
        </test-method> <!-- tearDown -->
      </class> <!-- com.automationpractice.tests.SearchTest -->
      <class name="com.automationpractice.tests.HomepageTest">
        <test-method is-config="true" signature="setUp(java.lang.String)[pri:0, instance:com.automationpractice.tests.HomepageTest@6bbe2511]" started-at="2025-09-14T14:33:41 IST" name="setUp" finished-at="2025-09-14T14:34:22 IST" duration-ms="41350" status="PASS">
          <params>
            <param index="0">
              <value>
                <![CDATA[chrome]]>
              </value>
            </param>
          </params>
          <reporter-output>
          </reporter-output>
        </test-method> <!-- setUp -->
        <test-method signature="testHomePageTitle()[pri:0, instance:com.automationpractice.tests.HomepageTest@6bbe2511]" started-at="2025-09-14T14:34:22 IST" name="testHomePageTitle" finished-at="2025-09-14T14:34:28 IST" duration-ms="5785" status="PASS">
          <reporter-output>
          </reporter-output>
        </test-method> <!-- testHomePageTitle -->
        <test-method is-config="true" signature="tearDown()[pri:0, instance:com.automationpractice.tests.HomepageTest@6bbe2511]" started-at="2025-09-14T14:34:28 IST" name="tearDown" finished-at="2025-09-14T14:34:37 IST" duration-ms="8868" status="PASS">
          <reporter-output>
          </reporter-output>
        </test-method> <!-- tearDown -->
      </class> <!-- com.automationpractice.tests.HomepageTest -->
      <class name="com.automationpractice.tests.LoginTest">
        <test-method is-config="true" signature="setUp(java.lang.String)[pri:0, instance:com.automationpractice.tests.LoginTest@66fdec9]" started-at="2025-09-14T14:34:37 IST" name="setUp" finished-at="2025-09-14T14:34:55 IST" duration-ms="18420" status="PASS">
          <params>
            <param index="0">
              <value>
                <![CDATA[chrome]]>
              </value>
            </param>
          </params>
          <reporter-output>
          </reporter-output>
        </test-method> <!-- setUp -->
        <test-method signature="loginTest()[pri:0, instance:com.automationpractice.tests.LoginTest@66fdec9]" started-at="2025-09-14T14:34:55 IST" name="loginTest" finished-at="2025-09-14T14:35:01 IST" duration-ms="6167" status="PASS">
          <reporter-output>
          </reporter-output>
        </test-method> <!-- loginTest -->
        <test-method is-config="true" signature="tearDown()[pri:0, instance:com.automationpractice.tests.LoginTest@66fdec9]" started-at="2025-09-14T14:35:01 IST" name="tearDown" finished-at="2025-09-14T14:35:02 IST" duration-ms="289" status="PASS">
          <reporter-output>
          </reporter-output>
        </test-method> <!-- tearDown -->
      </class> <!-- com.automationpractice.tests.LoginTest -->
      <class name="com.automationpractice.tests.CreateAccountTest">
        <test-method is-config="true" signature="setUp(java.lang.String)[pri:0, instance:com.automationpractice.tests.CreateAccountTest@52851b44]" started-at="2025-09-14T14:36:57 IST" name="setUp" finished-at="2025-09-14T14:37:24 IST" duration-ms="26297" status="PASS">
          <params>
            <param index="0">
              <value>
                <![CDATA[chrome]]>
              </value>
            </param>
          </params>
          <reporter-output>
          </reporter-output>
        </test-method> <!-- setUp -->
        <test-method signature="createAccountTest()[pri:0, instance:com.automationpractice.tests.CreateAccountTest@52851b44]" started-at="2025-09-14T14:37:24 IST" name="createAccountTest" finished-at="2025-09-14T14:37:26 IST" duration-ms="2435" status="PASS">
          <reporter-output>
          </reporter-output>
        </test-method> <!-- createAccountTest -->
        <test-method is-config="true" signature="tearDown()[pri:0, instance:com.automationpractice.tests.CreateAccountTest@52851b44]" started-at="2025-09-14T14:37:26 IST" name="tearDown" finished-at="2025-09-14T14:37:30 IST" duration-ms="3595" status="PASS">
          <reporter-output>
          </reporter-output>
        </test-method> <!-- tearDown -->
      </class> <!-- com.automationpractice.tests.CreateAccountTest -->
    </test> <!-- ChromeTests -->
    <test started-at="2025-09-14T14:33:41 IST" name="FirefoxTests" finished-at="2025-09-14T14:38:03 IST" duration-ms="262501">
      <class name="com.automationpractice.tests.HomeBannersTest">
        <test-method is-config="true" signature="setUp(java.lang.String)[pri:0, instance:com.automationpractice.tests.HomeBannersTest@626c44e7]" started-at="2025-09-14T14:35:58 IST" name="setUp" finished-at="2025-09-14T14:36:13 IST" duration-ms="15070" status="PASS">
          <params>
            <param index="0">
              <value>
                <![CDATA[firefox]]>
              </value>
            </param>
          </params>
          <reporter-output>
          </reporter-output>
        </test-method> <!-- setUp -->
        <test-method signature="testBannerCount()[pri:0, instance:com.automationpractice.tests.HomeBannersTest@626c44e7]" started-at="2025-09-14T14:36:13 IST" name="testBannerCount" finished-at="2025-09-14T14:36:13 IST" duration-ms="40" status="PASS">
          <reporter-output>
          </reporter-output>
        </test-method> <!-- testBannerCount -->
        <test-method is-config="true" signature="tearDown()[pri:0, instance:com.automationpractice.tests.HomeBannersTest@626c44e7]" started-at="2025-09-14T14:36:13 IST" name="tearDown" finished-at="2025-09-14T14:36:21 IST" duration-ms="7194" status="PASS">
          <reporter-output>
          </reporter-output>
        </test-method> <!-- tearDown -->
        <test-method is-config="true" signature="setUp(java.lang.String)[pri:0, instance:com.automationpractice.tests.HomeBannersTest@626c44e7]" started-at="2025-09-14T14:36:21 IST" name="setUp" finished-at="2025-09-14T14:36:37 IST" duration-ms="16760" status="PASS">
          <params>
            <param index="0">
              <value>
                <![CDATA[firefox]]>
              </value>
            </param>
          </params>
          <reporter-output>
          </reporter-output>
        </test-method> <!-- setUp -->
        <test-method signature="testBannerDetails()[pri:0, instance:com.automationpractice.tests.HomeBannersTest@626c44e7]" started-at="2025-09-14T14:36:37 IST" name="testBannerDetails" finished-at="2025-09-14T14:36:38 IST" duration-ms="401" status="PASS">
          <reporter-output>
          </reporter-output>
        </test-method> <!-- testBannerDetails -->
        <test-method is-config="true" signature="tearDown()[pri:0, instance:com.automationpractice.tests.HomeBannersTest@626c44e7]" started-at="2025-09-14T14:36:38 IST" name="tearDown" finished-at="2025-09-14T14:36:45 IST" duration-ms="7213" status="PASS">
          <reporter-output>
          </reporter-output>
        </test-method> <!-- tearDown -->
        <test-method is-config="true" signature="setUp(java.lang.String)[pri:0, instance:com.automationpractice.tests.HomeBannersTest@626c44e7]" started-at="2025-09-14T14:36:45 IST" name="setUp" finished-at="2025-09-14T14:37:03 IST" duration-ms="18433" status="PASS">
          <params>
            <param index="0">
              <value>
                <![CDATA[firefox]]>
              </value>
            </param>
          </params>
          <reporter-output>
          </reporter-output>
        </test-method> <!-- setUp -->
        <test-method signature="testBannersDisplayed()[pri:0, instance:com.automationpractice.tests.HomeBannersTest@626c44e7]" started-at="2025-09-14T14:37:03 IST" name="testBannersDisplayed" finished-at="2025-09-14T14:37:04 IST" duration-ms="234" status="PASS">
          <reporter-output>
          </reporter-output>
        </test-method> <!-- testBannersDisplayed -->
        <test-method is-config="true" signature="tearDown()[pri:0, instance:com.automationpractice.tests.HomeBannersTest@626c44e7]" started-at="2025-09-14T14:37:04 IST" name="tearDown" finished-at="2025-09-14T14:37:11 IST" duration-ms="7303" status="PASS">
          <reporter-output>
          </reporter-output>
        </test-method> <!-- tearDown -->
        <test-method is-config="true" signature="setUp(java.lang.String)[pri:0, instance:com.automationpractice.tests.HomeBannersTest@626c44e7]" started-at="2025-09-14T14:37:11 IST" name="setUp" finished-at="2025-09-14T14:37:33 IST" duration-ms="21740" status="PASS">
          <params>
            <param index="0">
              <value>
                <![CDATA[firefox]]>
              </value>
            </param>
          </params>
          <reporter-output>
          </reporter-output>
        </test-method> <!-- setUp -->
        <test-method signature="testClickBanner()[pri:0, instance:com.automationpractice.tests.HomeBannersTest@626c44e7]" started-at="2025-09-14T14:37:33 IST" name="testClickBanner" finished-at="2025-09-14T14:37:37 IST" duration-ms="4733" status="PASS">
          <reporter-output>
          </reporter-output>
        </test-method> <!-- testClickBanner -->
        <test-method is-config="true" signature="tearDown()[pri:0, instance:com.automationpractice.tests.HomeBannersTest@626c44e7]" started-at="2025-09-14T14:37:37 IST" name="tearDown" finished-at="2025-09-14T14:37:42 IST" duration-ms="4165" status="PASS">
          <reporter-output>
          </reporter-output>
        </test-method> <!-- tearDown -->
      </class> <!-- com.automationpractice.tests.HomeBannersTest -->
      <class name="com.automationpractice.tests.SwitchTabTest">
        <test-method is-config="true" signature="setUp(java.lang.String)[pri:0, instance:com.automationpractice.tests.SwitchTabTest@542e560f]" started-at="2025-09-14T14:35:33 IST" name="setUp" finished-at="2025-09-14T14:35:55 IST" duration-ms="21857" status="PASS">
          <params>
            <param index="0">
              <value>
                <![CDATA[firefox]]>
              </value>
            </param>
          </params>
          <reporter-output>
          </reporter-output>
        </test-method> <!-- setUp -->
        <test-method signature="switchTabsTest()[pri:0, instance:com.automationpractice.tests.SwitchTabTest@542e560f]" started-at="2025-09-14T14:35:55 IST" name="switchTabsTest" finished-at="2025-09-14T14:35:55 IST" duration-ms="192" status="FAIL">
          <exception class="org.openqa.selenium.NoSuchElementException">
            <message>
              <![CDATA[Unable to locate element: //ul[@class='sf-menu']//a[@title='Dresses'][not(ancestor::ul[contains(@style,'display: none')])]
For documentation on this error, please visit: https://www.selenium.dev/documentation/webdriver/troubleshooting/errors#no-such-element-exception
Build info: version: '4.35.0', revision: '1c58e5028b'
System info: os.name: 'Windows 11', os.arch: 'amd64', os.version: '10.0', java.version: '21.0.8'
Driver info: org.openqa.selenium.firefox.FirefoxDriver
Command: [cfa2d8de-0ded-4f59-8b9a-2fa9eaac7c2f, findElement {using=xpath, value=//ul[@class='sf-menu']//a[@title='Dresses'][not(ancestor::ul[contains(@style,'display: none')])]}]
Capabilities {acceptInsecureCerts: true, browserName: firefox, browserVersion: 142.0.1, moz:accessibilityChecks: false, moz:buildID: 20250827004350, moz:geckodriverVersion: 0.36.0, moz:headless: false, moz:platformVersion: 10.0, moz:processID: 12860, moz:profile: C:\Users\pc\AppData\Local\T..., moz:shutdownTimeout: 60000, moz:webdriverClick: true, moz:windowless: false, pageLoadStrategy: normal, platformName: windows, proxy: Proxy(), setWindowRect: true, strictFileInteractability: false, timeouts: {implicit: 0, pageLoad: 300000, script: 30000}, unhandledPromptBehavior: dismiss and notify, userAgent: Mozilla/5.0 (Windows NT 10....}
Session ID: cfa2d8de-0ded-4f59-8b9a-2fa9eaac7c2f]]>
            </message>
            <full-stacktrace>
              <![CDATA[org.openqa.selenium.NoSuchElementException: Unable to locate element: //ul[@class='sf-menu']//a[@title='Dresses'][not(ancestor::ul[contains(@style,'display: none')])]
For documentation on this error, please visit: https://www.selenium.dev/documentation/webdriver/troubleshooting/errors#no-such-element-exception
Build info: version: '4.35.0', revision: '1c58e5028b'
System info: os.name: 'Windows 11', os.arch: 'amd64', os.version: '10.0', java.version: '21.0.8'
Driver info: org.openqa.selenium.firefox.FirefoxDriver
Command: [cfa2d8de-0ded-4f59-8b9a-2fa9eaac7c2f, findElement {using=xpath, value=//ul[@class='sf-menu']//a[@title='Dresses'][not(ancestor::ul[contains(@style,'display: none')])]}]
Capabilities {acceptInsecureCerts: true, browserName: firefox, browserVersion: 142.0.1, moz:accessibilityChecks: false, moz:buildID: 20250827004350, moz:geckodriverVersion: 0.36.0, moz:headless: false, moz:platformVersion: 10.0, moz:processID: 12860, moz:profile: C:\Users\pc\AppData\Local\T..., moz:shutdownTimeout: 60000, moz:webdriverClick: true, moz:windowless: false, pageLoadStrategy: normal, platformName: windows, proxy: Proxy(), setWindowRect: true, strictFileInteractability: false, timeouts: {implicit: 0, pageLoad: 300000, script: 30000}, unhandledPromptBehavior: dismiss and notify, userAgent: Mozilla/5.0 (Windows NT 10....}
Session ID: cfa2d8de-0ded-4f59-8b9a-2fa9eaac7c2f
at java.base/jdk.internal.reflect.DirectConstructorHandleAccessor.newInstance(DirectConstructorHandleAccessor.java:62)
at java.base/java.lang.reflect.Constructor.newInstanceWithCaller(Constructor.java:502)
at java.base/java.lang.reflect.Constructor.newInstance(Constructor.java:486)
at org.openqa.selenium.remote.ErrorCodec.decode(ErrorCodec.java:167)
at org.openqa.selenium.remote.codec.w3c.W3CHttpResponseCodec.decode(W3CHttpResponseCodec.java:138)
at org.openqa.selenium.remote.codec.w3c.W3CHttpResponseCodec.decode(W3CHttpResponseCodec.java:50)
at org.openqa.selenium.remote.HttpCommandExecutor.execute(HttpCommandExecutor.java:215)
at org.openqa.selenium.remote.service.DriverCommandExecutor.invokeExecute(DriverCommandExecutor.java:216)
at org.openqa.selenium.remote.service.DriverCommandExecutor.execute(DriverCommandExecutor.java:174)
at org.openqa.selenium.remote.RemoteWebDriver.execute(RemoteWebDriver.java:557)
at org.openqa.selenium.remote.ElementLocation$ElementFinder$2.findElement(ElementLocation.java:165)
at org.openqa.selenium.remote.ElementLocation.findElement(ElementLocation.java:59)
at org.openqa.selenium.remote.RemoteWebDriver.findElement(RemoteWebDriver.java:380)
at org.openqa.selenium.remote.RemoteWebDriver.findElement(RemoteWebDriver.java:374)
at com.automationpractice.pages.TabSwitch.switchToTabByTitle(TabSwitch.java:29)
at com.automationpractice.pages.TabSwitch.switchToTab1(TabSwitch.java:50)
at com.automationpractice.tests.SwitchTabTest.switchTabsTest(SwitchTabTest.java:14)
at java.base/jdk.internal.reflect.DirectMethodHandleAccessor.invoke(DirectMethodHandleAccessor.java:103)
at java.base/java.lang.reflect.Method.invoke(Method.java:580)
at org.testng.internal.invokers.MethodInvocationHelper.invokeMethod(MethodInvocationHelper.java:141)
at org.testng.internal.invokers.TestInvoker.invokeMethod(TestInvoker.java:687)
at org.testng.internal.invokers.TestInvoker.invokeTestMethod(TestInvoker.java:230)
at org.testng.internal.invokers.MethodRunner.runInSequence(MethodRunner.java:63)
at org.testng.internal.invokers.TestInvoker$MethodInvocationAgent.invoke(TestInvoker.java:995)
at org.testng.internal.invokers.TestInvoker.invokeTestMethods(TestInvoker.java:203)
at org.testng.internal.invokers.TestMethodWorker.invokeTestMethods(TestMethodWorker.java:154)
at org.testng.internal.invokers.TestMethodWorker.run(TestMethodWorker.java:134)
at java.base/java.util.ArrayList.forEach(ArrayList.java:1596)
at org.testng.TestRunner.privateRun(TestRunner.java:741)
at org.testng.TestRunner.run(TestRunner.java:616)
at org.testng.SuiteRunner.runTest(SuiteRunner.java:421)
at org.testng.SuiteRunner$SuiteWorker.run(SuiteRunner.java:463)
at org.testng.internal.thread.ThreadUtil.lambda$execute$0(ThreadUtil.java:64)
at java.base/java.util.concurrent.FutureTask.run(FutureTask.java:317)
at java.base/java.util.concurrent.ThreadPoolExecutor.runWorker(ThreadPoolExecutor.java:1144)
at java.base/java.util.concurrent.ThreadPoolExecutor$Worker.run(ThreadPoolExecutor.java:642)
at java.base/java.lang.Thread.run(Thread.java:1583)
]]>
            </full-stacktrace>
          </exception> <!-- org.openqa.selenium.NoSuchElementException -->
          <reporter-output>
          </reporter-output>
        </test-method> <!-- switchTabsTest -->
        <test-method is-config="true" signature="tearDown()[pri:0, instance:com.automationpractice.tests.SwitchTabTest@542e560f]" started-at="2025-09-14T14:35:55 IST" name="tearDown" finished-at="2025-09-14T14:35:58 IST" duration-ms="3489" status="PASS">
          <reporter-output>
          </reporter-output>
        </test-method> <!-- tearDown -->
      </class> <!-- com.automationpractice.tests.SwitchTabTest -->
      <class name="com.automationpractice.tests.SearchTest">
        <test-method is-config="true" signature="setUp(java.lang.String)[pri:0, instance:com.automationpractice.tests.SearchTest@241e8ea6]" started-at="2025-09-14T14:35:07 IST" name="setUp" finished-at="2025-09-14T14:35:28 IST" duration-ms="21505" status="PASS">
          <params>
            <param index="0">
              <value>
                <![CDATA[firefox]]>
              </value>
            </param>
          </params>
          <reporter-output>
          </reporter-output>
        </test-method> <!-- setUp -->
        <test-method signature="searchBarTest()[pri:0, instance:com.automationpractice.tests.SearchTest@241e8ea6]" started-at="2025-09-14T14:35:28 IST" name="searchBarTest" finished-at="2025-09-14T14:35:29 IST" duration-ms="327" status="PASS">
          <reporter-output>
          </reporter-output>
        </test-method> <!-- searchBarTest -->
        <test-method is-config="true" signature="tearDown()[pri:0, instance:com.automationpractice.tests.SearchTest@241e8ea6]" started-at="2025-09-14T14:35:29 IST" name="tearDown" finished-at="2025-09-14T14:35:33 IST" duration-ms="4100" status="PASS">
          <reporter-output>
          </reporter-output>
        </test-method> <!-- tearDown -->
      </class> <!-- com.automationpractice.tests.SearchTest -->
      <class name="com.automationpractice.tests.HomepageTest">
        <test-method is-config="true" signature="setUp(java.lang.String)[pri:0, instance:com.automationpractice.tests.HomepageTest@31d0e481]" started-at="2025-09-14T14:33:41 IST" name="setUp" finished-at="2025-09-14T14:34:23 IST" duration-ms="41865" status="PASS">
          <params>
            <param index="0">
              <value>
                <![CDATA[firefox]]>
              </value>
            </param>
          </params>
          <reporter-output>
          </reporter-output>
        </test-method> <!-- setUp -->
        <test-method signature="testHomePageTitle()[pri:0, instance:com.automationpractice.tests.HomepageTest@31d0e481]" started-at="2025-09-14T14:34:23 IST" name="testHomePageTitle" finished-at="2025-09-14T14:34:23 IST" duration-ms="256" status="PASS">
          <reporter-output>
          </reporter-output>
        </test-method> <!-- testHomePageTitle -->
        <test-method is-config="true" signature="tearDown()[pri:0, instance:com.automationpractice.tests.HomepageTest@31d0e481]" started-at="2025-09-14T14:34:23 IST" name="tearDown" finished-at="2025-09-14T14:34:29 IST" duration-ms="6541" status="PASS">
          <reporter-output>
          </reporter-output>
        </test-method> <!-- tearDown -->
      </class> <!-- com.automationpractice.tests.HomepageTest -->
      <class name="com.automationpractice.tests.LoginTest">
        <test-method is-config="true" signature="setUp(java.lang.String)[pri:0, instance:com.automationpractice.tests.LoginTest@3243b914]" started-at="2025-09-14T14:34:30 IST" name="setUp" finished-at="2025-09-14T14:34:53 IST" duration-ms="23151" status="PASS">
          <params>
            <param index="0">
              <value>
                <![CDATA[firefox]]>
              </value>
            </param>
          </params>
          <reporter-output>
          </reporter-output>
        </test-method> <!-- setUp -->
        <test-method signature="loginTest()[pri:0, instance:com.automationpractice.tests.LoginTest@3243b914]" started-at="2025-09-14T14:34:53 IST" name="loginTest" finished-at="2025-09-14T14:34:58 IST" duration-ms="5808" status="PASS">
          <reporter-output>
          </reporter-output>
        </test-method> <!-- loginTest -->
        <test-method is-config="true" signature="tearDown()[pri:0, instance:com.automationpractice.tests.LoginTest@3243b914]" started-at="2025-09-14T14:34:58 IST" name="tearDown" finished-at="2025-09-14T14:35:07 IST" duration-ms="8249" status="PASS">
          <reporter-output>
          </reporter-output>
        </test-method> <!-- tearDown -->
      </class> <!-- com.automationpractice.tests.LoginTest -->
      <class name="com.automationpractice.tests.CreateAccountTest">
        <test-method is-config="true" signature="setUp(java.lang.String)[pri:0, instance:com.automationpractice.tests.CreateAccountTest@4dc8caa7]" started-at="2025-09-14T14:37:42 IST" name="setUp" finished-at="2025-09-14T14:37:55 IST" duration-ms="13294" status="PASS">
          <params>
            <param index="0">
              <value>
                <![CDATA[firefox]]>
              </value>
            </param>
          </params>
          <reporter-output>
          </reporter-output>
        </test-method> <!-- setUp -->
        <test-method signature="createAccountTest()[pri:0, instance:com.automationpractice.tests.CreateAccountTest@4dc8caa7]" started-at="2025-09-14T14:37:55 IST" name="createAccountTest" finished-at="2025-09-14T14:37:59 IST" duration-ms="3691" status="PASS">
          <reporter-output>
          </reporter-output>
        </test-method> <!-- createAccountTest -->
        <test-method is-config="true" signature="tearDown()[pri:0, instance:com.automationpractice.tests.CreateAccountTest@4dc8caa7]" started-at="2025-09-14T14:37:59 IST" name="tearDown" finished-at="2025-09-14T14:38:03 IST" duration-ms="4661" status="PASS">
          <reporter-output>
          </reporter-output>
        </test-method> <!-- tearDown -->
      </class> <!-- com.automationpractice.tests.CreateAccountTest -->
    </test> <!-- FirefoxTests -->
    <test started-at="2025-09-14T14:33:41 IST" name="EdgeTests" finished-at="2025-09-14T14:38:12 IST" duration-ms="271729">
      <class name="com.automationpractice.tests.HomeBannersTest">
        <test-method is-config="true" signature="setUp(java.lang.String)[pri:0, instance:com.automationpractice.tests.HomeBannersTest@53d102a2]" started-at="2025-09-14T14:35:52 IST" name="setUp" finished-at="2025-09-14T14:36:08 IST" duration-ms="16426" status="PASS">
          <params>
            <param index="0">
              <value>
                <![CDATA[edge]]>
              </value>
            </param>
          </params>
          <reporter-output>
          </reporter-output>
        </test-method> <!-- setUp -->
        <test-method signature="testBannerCount()[pri:0, instance:com.automationpractice.tests.HomeBannersTest@53d102a2]" started-at="2025-09-14T14:36:08 IST" name="testBannerCount" finished-at="2025-09-14T14:36:09 IST" duration-ms="26" status="PASS">
          <reporter-output>
          </reporter-output>
        </test-method> <!-- testBannerCount -->
        <test-method is-config="true" signature="tearDown()[pri:0, instance:com.automationpractice.tests.HomeBannersTest@53d102a2]" started-at="2025-09-14T14:36:09 IST" name="tearDown" finished-at="2025-09-14T14:36:14 IST" duration-ms="4993" status="PASS">
          <reporter-output>
          </reporter-output>
        </test-method> <!-- tearDown -->
        <test-method is-config="true" signature="setUp(java.lang.String)[pri:0, instance:com.automationpractice.tests.HomeBannersTest@53d102a2]" started-at="2025-09-14T14:36:14 IST" name="setUp" finished-at="2025-09-14T14:36:34 IST" duration-ms="20892" status="PASS">
          <params>
            <param index="0">
              <value>
                <![CDATA[edge]]>
              </value>
            </param>
          </params>
          <reporter-output>
          </reporter-output>
        </test-method> <!-- setUp -->
        <test-method signature="testBannerDetails()[pri:0, instance:com.automationpractice.tests.HomeBannersTest@53d102a2]" started-at="2025-09-14T14:36:34 IST" name="testBannerDetails" finished-at="2025-09-14T14:36:35 IST" duration-ms="701" status="PASS">
          <reporter-output>
          </reporter-output>
        </test-method> <!-- testBannerDetails -->
        <test-method is-config="true" signature="tearDown()[pri:0, instance:com.automationpractice.tests.HomeBannersTest@53d102a2]" started-at="2025-09-14T14:36:35 IST" name="tearDown" finished-at="2025-09-14T14:36:38 IST" duration-ms="2880" status="PASS">
          <reporter-output>
          </reporter-output>
        </test-method> <!-- tearDown -->
        <test-method is-config="true" signature="setUp(java.lang.String)[pri:0, instance:com.automationpractice.tests.HomeBannersTest@53d102a2]" started-at="2025-09-14T14:36:38 IST" name="setUp" finished-at="2025-09-14T14:36:59 IST" duration-ms="20511" status="PASS">
          <params>
            <param index="0">
              <value>
                <![CDATA[edge]]>
              </value>
            </param>
          </params>
          <reporter-output>
          </reporter-output>
        </test-method> <!-- setUp -->
        <test-method signature="testBannersDisplayed()[pri:0, instance:com.automationpractice.tests.HomeBannersTest@53d102a2]" started-at="2025-09-14T14:36:59 IST" name="testBannersDisplayed" finished-at="2025-09-14T14:36:59 IST" duration-ms="47" status="PASS">
          <reporter-output>
          </reporter-output>
        </test-method> <!-- testBannersDisplayed -->
        <test-method is-config="true" signature="tearDown()[pri:0, instance:com.automationpractice.tests.HomeBannersTest@53d102a2]" started-at="2025-09-14T14:36:59 IST" name="tearDown" finished-at="2025-09-14T14:37:08 IST" duration-ms="9790" status="PASS">
          <reporter-output>
          </reporter-output>
        </test-method> <!-- tearDown -->
        <test-method is-config="true" signature="setUp(java.lang.String)[pri:0, instance:com.automationpractice.tests.HomeBannersTest@53d102a2]" started-at="2025-09-14T14:37:08 IST" name="setUp" finished-at="2025-09-14T14:37:37 IST" duration-ms="28187" status="PASS">
          <params>
            <param index="0">
              <value>
                <![CDATA[edge]]>
              </value>
            </param>
          </params>
          <reporter-output>
          </reporter-output>
        </test-method> <!-- setUp -->
        <test-method signature="testClickBanner()[pri:0, instance:com.automationpractice.tests.HomeBannersTest@53d102a2]" started-at="2025-09-14T14:37:37 IST" name="testClickBanner" finished-at="2025-09-14T14:37:55 IST" duration-ms="18516" status="PASS">
          <reporter-output>
          </reporter-output>
        </test-method> <!-- testClickBanner -->
        <test-method is-config="true" signature="tearDown()[pri:0, instance:com.automationpractice.tests.HomeBannersTest@53d102a2]" started-at="2025-09-14T14:37:55 IST" name="tearDown" finished-at="2025-09-14T14:37:59 IST" duration-ms="4099" status="PASS">
          <reporter-output>
          </reporter-output>
        </test-method> <!-- tearDown -->
      </class> <!-- com.automationpractice.tests.HomeBannersTest -->
      <class name="com.automationpractice.tests.SwitchTabTest">
        <test-method is-config="true" signature="setUp(java.lang.String)[pri:0, instance:com.automationpractice.tests.SwitchTabTest@35d08e6c]" started-at="2025-09-14T14:35:32 IST" name="setUp" finished-at="2025-09-14T14:35:51 IST" duration-ms="18971" status="PASS">
          <params>
            <param index="0">
              <value>
                <![CDATA[edge]]>
              </value>
            </param>
          </params>
          <reporter-output>
          </reporter-output>
        </test-method> <!-- setUp -->
        <test-method signature="switchTabsTest()[pri:0, instance:com.automationpractice.tests.SwitchTabTest@35d08e6c]" started-at="2025-09-14T14:35:51 IST" name="switchTabsTest" finished-at="2025-09-14T14:35:51 IST" duration-ms="27" status="FAIL">
          <exception class="org.openqa.selenium.NoSuchElementException">
            <message>
              <![CDATA[no such element: Unable to locate element: {"method":"xpath","selector":"//ul[@class='sf-menu']//a[@title='Dresses'][not(ancestor::ul[contains(@style,'display: none')])]"}
  (Session info: MicrosoftEdge=140.0.3485.66)
For documentation on this error, please visit: https://www.selenium.dev/documentation/webdriver/troubleshooting/errors#no-such-element-exception
Build info: version: '4.35.0', revision: '1c58e5028b'
System info: os.name: 'Windows 11', os.arch: 'amd64', os.version: '10.0', java.version: '21.0.8'
Driver info: org.openqa.selenium.edge.EdgeDriver
Command: [be256595dba2fd3aeb0a0c439a4b97f9, findElement {using=xpath, value=//ul[@class='sf-menu']//a[@title='Dresses'][not(ancestor::ul[contains(@style,'display: none')])]}]
Capabilities {acceptInsecureCerts: false, browserName: MicrosoftEdge, browserVersion: 140.0.3485.66, fedcm:accounts: true, ms:edgeOptions: {debuggerAddress: localhost:53411}, msedge: {msedgedriverVersion: 140.0.3485.66 (bdccd021a49b..., userDataDir: C:\Users\pc\AppData\Local\T...}, networkConnectionEnabled: false, pageLoadStrategy: normal, platformName: windows, proxy: Proxy(), se:cdp: ws://localhost:53411/devtoo..., se:cdpVersion: 140.0.3485.66, setWindowRect: true, strictFileInteractability: false, timeouts: {implicit: 0, pageLoad: 300000, script: 30000}, unhandledPromptBehavior: dismiss and notify, webauthn:extension:credBlob: true, webauthn:extension:largeBlob: true, webauthn:extension:minPinLength: true, webauthn:extension:prf: true, webauthn:virtualAuthenticators: true}
Session ID: be256595dba2fd3aeb0a0c439a4b97f9]]>
            </message>
            <full-stacktrace>
              <![CDATA[org.openqa.selenium.NoSuchElementException: no such element: Unable to locate element: {"method":"xpath","selector":"//ul[@class='sf-menu']//a[@title='Dresses'][not(ancestor::ul[contains(@style,'display: none')])]"}
  (Session info: MicrosoftEdge=140.0.3485.66)
For documentation on this error, please visit: https://www.selenium.dev/documentation/webdriver/troubleshooting/errors#no-such-element-exception
Build info: version: '4.35.0', revision: '1c58e5028b'
System info: os.name: 'Windows 11', os.arch: 'amd64', os.version: '10.0', java.version: '21.0.8'
Driver info: org.openqa.selenium.edge.EdgeDriver
Command: [be256595dba2fd3aeb0a0c439a4b97f9, findElement {using=xpath, value=//ul[@class='sf-menu']//a[@title='Dresses'][not(ancestor::ul[contains(@style,'display: none')])]}]
Capabilities {acceptInsecureCerts: false, browserName: MicrosoftEdge, browserVersion: 140.0.3485.66, fedcm:accounts: true, ms:edgeOptions: {debuggerAddress: localhost:53411}, msedge: {msedgedriverVersion: 140.0.3485.66 (bdccd021a49b..., userDataDir: C:\Users\pc\AppData\Local\T...}, networkConnectionEnabled: false, pageLoadStrategy: normal, platformName: windows, proxy: Proxy(), se:cdp: ws://localhost:53411/devtoo..., se:cdpVersion: 140.0.3485.66, setWindowRect: true, strictFileInteractability: false, timeouts: {implicit: 0, pageLoad: 300000, script: 30000}, unhandledPromptBehavior: dismiss and notify, webauthn:extension:credBlob: true, webauthn:extension:largeBlob: true, webauthn:extension:minPinLength: true, webauthn:extension:prf: true, webauthn:virtualAuthenticators: true}
Session ID: be256595dba2fd3aeb0a0c439a4b97f9
at java.base/jdk.internal.reflect.DirectConstructorHandleAccessor.newInstance(DirectConstructorHandleAccessor.java:62)
at java.base/java.lang.reflect.Constructor.newInstanceWithCaller(Constructor.java:502)
at java.base/java.lang.reflect.Constructor.newInstance(Constructor.java:486)
at org.openqa.selenium.remote.ErrorCodec.decode(ErrorCodec.java:167)
at org.openqa.selenium.remote.codec.w3c.W3CHttpResponseCodec.decode(W3CHttpResponseCodec.java:138)
at org.openqa.selenium.remote.codec.w3c.W3CHttpResponseCodec.decode(W3CHttpResponseCodec.java:50)
at org.openqa.selenium.remote.HttpCommandExecutor.execute(HttpCommandExecutor.java:215)
at org.openqa.selenium.remote.service.DriverCommandExecutor.invokeExecute(DriverCommandExecutor.java:216)
at org.openqa.selenium.remote.service.DriverCommandExecutor.execute(DriverCommandExecutor.java:174)
at org.openqa.selenium.remote.RemoteWebDriver.execute(RemoteWebDriver.java:557)
at org.openqa.selenium.remote.ElementLocation$ElementFinder$2.findElement(ElementLocation.java:165)
at org.openqa.selenium.remote.ElementLocation.findElement(ElementLocation.java:59)
at org.openqa.selenium.remote.RemoteWebDriver.findElement(RemoteWebDriver.java:380)
at org.openqa.selenium.remote.RemoteWebDriver.findElement(RemoteWebDriver.java:374)
at com.automationpractice.pages.TabSwitch.switchToTabByTitle(TabSwitch.java:29)
at com.automationpractice.pages.TabSwitch.switchToTab1(TabSwitch.java:50)
at com.automationpractice.tests.SwitchTabTest.switchTabsTest(SwitchTabTest.java:14)
at java.base/jdk.internal.reflect.DirectMethodHandleAccessor.invoke(DirectMethodHandleAccessor.java:103)
at java.base/java.lang.reflect.Method.invoke(Method.java:580)
at org.testng.internal.invokers.MethodInvocationHelper.invokeMethod(MethodInvocationHelper.java:141)
at org.testng.internal.invokers.TestInvoker.invokeMethod(TestInvoker.java:687)
at org.testng.internal.invokers.TestInvoker.invokeTestMethod(TestInvoker.java:230)
at org.testng.internal.invokers.MethodRunner.runInSequence(MethodRunner.java:63)
at org.testng.internal.invokers.TestInvoker$MethodInvocationAgent.invoke(TestInvoker.java:995)
at org.testng.internal.invokers.TestInvoker.invokeTestMethods(TestInvoker.java:203)
at org.testng.internal.invokers.TestMethodWorker.invokeTestMethods(TestMethodWorker.java:154)
at org.testng.internal.invokers.TestMethodWorker.run(TestMethodWorker.java:134)
at java.base/java.util.ArrayList.forEach(ArrayList.java:1596)
at org.testng.TestRunner.privateRun(TestRunner.java:741)
at org.testng.TestRunner.run(TestRunner.java:616)
at org.testng.SuiteRunner.runTest(SuiteRunner.java:421)
at org.testng.SuiteRunner$SuiteWorker.run(SuiteRunner.java:463)
at org.testng.internal.thread.ThreadUtil.lambda$execute$0(ThreadUtil.java:64)
at java.base/java.util.concurrent.FutureTask.run(FutureTask.java:317)
at java.base/java.util.concurrent.ThreadPoolExecutor.runWorker(ThreadPoolExecutor.java:1144)
at java.base/java.util.concurrent.ThreadPoolExecutor$Worker.run(ThreadPoolExecutor.java:642)
at java.base/java.lang.Thread.run(Thread.java:1583)
]]>
            </full-stacktrace>
          </exception> <!-- org.openqa.selenium.NoSuchElementException -->
          <reporter-output>
          </reporter-output>
        </test-method> <!-- switchTabsTest -->
        <test-method is-config="true" signature="tearDown()[pri:0, instance:com.automationpractice.tests.SwitchTabTest@35d08e6c]" started-at="2025-09-14T14:35:51 IST" name="tearDown" finished-at="2025-09-14T14:35:52 IST" duration-ms="640" status="PASS">
          <reporter-output>
          </reporter-output>
        </test-method> <!-- tearDown -->
      </class> <!-- com.automationpractice.tests.SwitchTabTest -->
      <class name="com.automationpractice.tests.SearchTest">
        <test-method is-config="true" signature="setUp(java.lang.String)[pri:0, instance:com.automationpractice.tests.SearchTest@3016fd5e]" started-at="2025-09-14T14:35:10 IST" name="setUp" finished-at="2025-09-14T14:35:27 IST" duration-ms="17873" status="PASS">
          <params>
            <param index="0">
              <value>
                <![CDATA[edge]]>
              </value>
            </param>
          </params>
          <reporter-output>
          </reporter-output>
        </test-method> <!-- setUp -->
        <test-method signature="searchBarTest()[pri:0, instance:com.automationpractice.tests.SearchTest@3016fd5e]" started-at="2025-09-14T14:35:27 IST" name="searchBarTest" finished-at="2025-09-14T14:35:30 IST" duration-ms="2950" status="PASS">
          <reporter-output>
          </reporter-output>
        </test-method> <!-- searchBarTest -->
        <test-method is-config="true" signature="tearDown()[pri:0, instance:com.automationpractice.tests.SearchTest@3016fd5e]" started-at="2025-09-14T14:35:30 IST" name="tearDown" finished-at="2025-09-14T14:35:32 IST" duration-ms="2007" status="PASS">
          <reporter-output>
          </reporter-output>
        </test-method> <!-- tearDown -->
      </class> <!-- com.automationpractice.tests.SearchTest -->
      <class name="com.automationpractice.tests.HomepageTest">
        <test-method is-config="true" signature="setUp(java.lang.String)[pri:0, instance:com.automationpractice.tests.HomepageTest@3bcbb589]" started-at="2025-09-14T14:33:41 IST" name="setUp" finished-at="2025-09-14T14:34:21 IST" duration-ms="40666" status="PASS">
          <params>
            <param index="0">
              <value>
                <![CDATA[edge]]>
              </value>
            </param>
          </params>
          <reporter-output>
          </reporter-output>
        </test-method> <!-- setUp -->
        <test-method signature="testHomePageTitle()[pri:0, instance:com.automationpractice.tests.HomepageTest@3bcbb589]" started-at="2025-09-14T14:34:21 IST" name="testHomePageTitle" finished-at="2025-09-14T14:34:22 IST" duration-ms="262" status="PASS">
          <reporter-output>
          </reporter-output>
        </test-method> <!-- testHomePageTitle -->
        <test-method is-config="true" signature="tearDown()[pri:0, instance:com.automationpractice.tests.HomepageTest@3bcbb589]" started-at="2025-09-14T14:34:22 IST" name="tearDown" finished-at="2025-09-14T14:34:30 IST" duration-ms="7784" status="PASS">
          <reporter-output>
          </reporter-output>
        </test-method> <!-- tearDown -->
      </class> <!-- com.automationpractice.tests.HomepageTest -->
      <class name="com.automationpractice.tests.LoginTest">
        <test-method is-config="true" signature="setUp(java.lang.String)[pri:0, instance:com.automationpractice.tests.LoginTest@3b00856b]" started-at="2025-09-14T14:34:30 IST" name="setUp" finished-at="2025-09-14T14:34:50 IST" duration-ms="20598" status="PASS">
          <params>
            <param index="0">
              <value>
                <![CDATA[edge]]>
              </value>
            </param>
          </params>
          <reporter-output>
          </reporter-output>
        </test-method> <!-- setUp -->
        <test-method signature="loginTest()[pri:0, instance:com.automationpractice.tests.LoginTest@3b00856b]" started-at="2025-09-14T14:34:50 IST" name="loginTest" finished-at="2025-09-14T14:35:06 IST" duration-ms="15602" status="PASS">
          <reporter-output>
          </reporter-output>
        </test-method> <!-- loginTest -->
        <test-method is-config="true" signature="tearDown()[pri:0, instance:com.automationpractice.tests.LoginTest@3b00856b]" started-at="2025-09-14T14:35:06 IST" name="tearDown" finished-at="2025-09-14T14:35:10 IST" duration-ms="3844" status="PASS">
          <reporter-output>
          </reporter-output>
        </test-method> <!-- tearDown -->
      </class> <!-- com.automationpractice.tests.LoginTest -->
      <class name="com.automationpractice.tests.CreateAccountTest">
        <test-method is-config="true" signature="setUp(java.lang.String)[pri:0, instance:com.automationpractice.tests.CreateAccountTest@6c45ee6e]" started-at="2025-09-14T14:37:59 IST" name="setUp" finished-at="2025-09-14T14:38:10 IST" duration-ms="11309" status="PASS">
          <params>
            <param index="0">
              <value>
                <![CDATA[edge]]>
              </value>
            </param>
          </params>
          <reporter-output>
          </reporter-output>
        </test-method> <!-- setUp -->
        <test-method signature="createAccountTest()[pri:0, instance:com.automationpractice.tests.CreateAccountTest@6c45ee6e]" started-at="2025-09-14T14:38:10 IST" name="createAccountTest" finished-at="2025-09-14T14:38:12 IST" duration-ms="1653" status="PASS">
          <reporter-output>
          </reporter-output>
        </test-method> <!-- createAccountTest -->
        <test-method is-config="true" signature="tearDown()[pri:0, instance:com.automationpractice.tests.CreateAccountTest@6c45ee6e]" started-at="2025-09-14T14:38:12 IST" name="tearDown" finished-at="2025-09-14T14:38:12 IST" duration-ms="279" status="PASS">
          <reporter-output>
          </reporter-output>
        </test-method> <!-- tearDown -->
      </class> <!-- com.automationpractice.tests.CreateAccountTest -->
    </test> <!-- EdgeTests -->
  </suite> <!-- CrossBrowserSuite -->
</testng-results>
